{
  "/Users/sas/dev/sg/packages/geometry/src/hash.ts": {
    "path": "/Users/sas/dev/sg/packages/geometry/src/hash.ts",
    "all": false,
    "statementMap": {
      "0": { "start": { "line": 1, "column": 0 }, "end": { "line": 1, "column": 15 } },
      "1": { "start": { "line": 2, "column": 0 }, "end": { "line": 2, "column": 0 } },
      "2": { "start": { "line": 3, "column": 0 }, "end": { "line": 3, "column": 36 } },
      "3": { "start": { "line": 4, "column": 0 }, "end": { "line": 4, "column": 32 } },
      "4": { "start": { "line": 5, "column": 0 }, "end": { "line": 5, "column": 28 } },
      "5": { "start": { "line": 6, "column": 0 }, "end": { "line": 6, "column": 3 } },
      "6": { "start": { "line": 7, "column": 0 }, "end": { "line": 7, "column": 33 } },
      "7": { "start": { "line": 8, "column": 0 }, "end": { "line": 8, "column": 28 } },
      "8": { "start": { "line": 9, "column": 0 }, "end": { "line": 9, "column": 3 } },
      "9": { "start": { "line": 10, "column": 0 }, "end": { "line": 10, "column": 34 } },
      "10": { "start": { "line": 11, "column": 0 }, "end": { "line": 11, "column": 28 } },
      "11": { "start": { "line": 12, "column": 0 }, "end": { "line": 12, "column": 3 } },
      "12": { "start": { "line": 13, "column": 0 }, "end": { "line": 13, "column": 25 } },
      "13": { "start": { "line": 14, "column": 0 }, "end": { "line": 14, "column": 1 } },
      "14": { "start": { "line": 15, "column": 0 }, "end": { "line": 15, "column": 0 } },
      "15": { "start": { "line": 16, "column": 0 }, "end": { "line": 16, "column": 22 } },
      "16": { "start": { "line": 17, "column": 0 }, "end": { "line": 17, "column": 18 } },
      "17": { "start": { "line": 18, "column": 0 }, "end": { "line": 18, "column": 59 } },
      "18": { "start": { "line": 19, "column": 0 }, "end": { "line": 19, "column": 14 } }
    },
    "s": {
      "0": 1,
      "1": 1,
      "2": 1,
      "3": 25,
      "4": 6,
      "5": 6,
      "6": 19,
      "7": 19,
      "8": 19,
      "9": 0,
      "10": 0,
      "11": 0,
      "12": 0,
      "13": 0,
      "14": 1,
      "15": 1,
      "16": 25,
      "17": 25,
      "18": 25
    },
    "branchMap": {
      "0": {
        "type": "branch",
        "line": 3,
        "loc": { "start": { "line": 3, "column": 7 }, "end": { "line": 14, "column": 1 } },
        "locations": [{ "start": { "line": 3, "column": 7 }, "end": { "line": 14, "column": 1 } }]
      },
      "1": {
        "type": "branch",
        "line": 4,
        "loc": { "start": { "line": 4, "column": 31 }, "end": { "line": 6, "column": 3 } },
        "locations": [{ "start": { "line": 4, "column": 31 }, "end": { "line": 6, "column": 3 } }]
      },
      "2": {
        "type": "branch",
        "line": 6,
        "loc": { "start": { "line": 6, "column": 2 }, "end": { "line": 9, "column": 3 } },
        "locations": [{ "start": { "line": 6, "column": 2 }, "end": { "line": 9, "column": 3 } }]
      },
      "3": {
        "type": "branch",
        "line": 9,
        "loc": { "start": { "line": 9, "column": 2 }, "end": { "line": 14, "column": 1 } },
        "locations": [{ "start": { "line": 9, "column": 2 }, "end": { "line": 14, "column": 1 } }]
      },
      "4": {
        "type": "branch",
        "line": 16,
        "loc": { "start": { "line": 16, "column": 13 }, "end": { "line": 19, "column": 14 } },
        "locations": [
          { "start": { "line": 16, "column": 13 }, "end": { "line": 19, "column": 14 } }
        ]
      },
      "5": {
        "type": "branch",
        "line": 18,
        "loc": { "start": { "line": 18, "column": 9 }, "end": { "line": 18, "column": 58 } },
        "locations": [{ "start": { "line": 18, "column": 9 }, "end": { "line": 18, "column": 58 } }]
      }
    },
    "b": { "0": [25], "1": [6], "2": [19], "3": [0], "4": [25], "5": [75] },
    "fnMap": {
      "0": {
        "name": "hashName",
        "decl": { "start": { "line": 3, "column": 7 }, "end": { "line": 14, "column": 1 } },
        "loc": { "start": { "line": 3, "column": 7 }, "end": { "line": 14, "column": 1 } },
        "line": 3
      },
      "1": {
        "name": "hash",
        "decl": { "start": { "line": 16, "column": 13 }, "end": { "line": 19, "column": 14 } },
        "loc": { "start": { "line": 16, "column": 13 }, "end": { "line": 19, "column": 14 } },
        "line": 16
      }
    },
    "f": { "0": 25, "1": 25 }
  },
  "/Users/sas/dev/sg/packages/geometry/src/lines.ts": {
    "path": "/Users/sas/dev/sg/packages/geometry/src/lines.ts",
    "all": false,
    "statementMap": {
      "0": { "start": { "line": 1, "column": 0 }, "end": { "line": 1, "column": 42 } },
      "1": { "start": { "line": 2, "column": 0 }, "end": { "line": 2, "column": 36 } },
      "2": { "start": { "line": 3, "column": 0 }, "end": { "line": 3, "column": 0 } },
      "3": { "start": { "line": 4, "column": 0 }, "end": { "line": 4, "column": 19 } },
      "4": { "start": { "line": 5, "column": 0 }, "end": { "line": 5, "column": 12 } },
      "5": { "start": { "line": 6, "column": 0 }, "end": { "line": 6, "column": 12 } },
      "6": { "start": { "line": 7, "column": 0 }, "end": { "line": 7, "column": 15 } },
      "7": { "start": { "line": 8, "column": 0 }, "end": { "line": 8, "column": 15 } },
      "8": { "start": { "line": 9, "column": 0 }, "end": { "line": 9, "column": 15 } },
      "9": { "start": { "line": 10, "column": 0 }, "end": { "line": 10, "column": 2 } },
      "10": { "start": { "line": 11, "column": 0 }, "end": { "line": 11, "column": 5 } },
      "11": { "start": { "line": 12, "column": 0 }, "end": { "line": 12, "column": 37 } },
      "12": { "start": { "line": 13, "column": 0 }, "end": { "line": 13, "column": 28 } },
      "13": { "start": { "line": 14, "column": 0 }, "end": { "line": 14, "column": 29 } },
      "14": { "start": { "line": 15, "column": 0 }, "end": { "line": 15, "column": 45 } },
      "15": { "start": { "line": 16, "column": 0 }, "end": { "line": 16, "column": 5 } },
      "16": { "start": { "line": 17, "column": 0 }, "end": { "line": 17, "column": 52 } },
      "17": { "start": { "line": 18, "column": 0 }, "end": { "line": 18, "column": 17 } },
      "18": { "start": { "line": 19, "column": 0 }, "end": { "line": 19, "column": 17 } },
      "19": { "start": { "line": 20, "column": 0 }, "end": { "line": 20, "column": 23 } },
      "20": { "start": { "line": 21, "column": 0 }, "end": { "line": 21, "column": 39 } },
      "21": { "start": { "line": 22, "column": 0 }, "end": { "line": 22, "column": 24 } },
      "22": { "start": { "line": 23, "column": 0 }, "end": { "line": 23, "column": 3 } },
      "23": { "start": { "line": 24, "column": 0 }, "end": { "line": 24, "column": 1 } },
      "24": { "start": { "line": 25, "column": 0 }, "end": { "line": 25, "column": 0 } },
      "25": { "start": { "line": 26, "column": 0 }, "end": { "line": 26, "column": 3 } },
      "26": { "start": { "line": 27, "column": 0 }, "end": { "line": 27, "column": 45 } },
      "27": { "start": { "line": 28, "column": 0 }, "end": { "line": 28, "column": 96 } },
      "28": { "start": { "line": 29, "column": 0 }, "end": { "line": 29, "column": 33 } },
      "29": { "start": { "line": 30, "column": 0 }, "end": { "line": 30, "column": 33 } },
      "30": { "start": { "line": 31, "column": 0 }, "end": { "line": 31, "column": 33 } },
      "31": { "start": { "line": 32, "column": 0 }, "end": { "line": 32, "column": 33 } },
      "32": { "start": { "line": 33, "column": 0 }, "end": { "line": 33, "column": 33 } },
      "33": { "start": { "line": 34, "column": 0 }, "end": { "line": 34, "column": 33 } },
      "34": { "start": { "line": 35, "column": 0 }, "end": { "line": 35, "column": 33 } },
      "35": { "start": { "line": 36, "column": 0 }, "end": { "line": 36, "column": 33 } },
      "36": { "start": { "line": 37, "column": 0 }, "end": { "line": 37, "column": 86 } },
      "37": { "start": { "line": 38, "column": 0 }, "end": { "line": 38, "column": 3 } },
      "38": { "start": { "line": 39, "column": 0 }, "end": { "line": 39, "column": 146 } },
      "39": { "start": { "line": 40, "column": 0 }, "end": { "line": 40, "column": 47 } },
      "40": { "start": { "line": 41, "column": 0 }, "end": { "line": 41, "column": 61 } },
      "41": { "start": { "line": 42, "column": 0 }, "end": { "line": 42, "column": 14 } },
      "42": { "start": { "line": 43, "column": 0 }, "end": { "line": 43, "column": 3 } },
      "43": { "start": { "line": 44, "column": 0 }, "end": { "line": 44, "column": 0 } },
      "44": { "start": { "line": 45, "column": 0 }, "end": { "line": 45, "column": 68 } },
      "45": { "start": { "line": 46, "column": 0 }, "end": { "line": 46, "column": 0 } },
      "46": { "start": { "line": 47, "column": 0 }, "end": { "line": 47, "column": 23 } },
      "47": { "start": { "line": 48, "column": 0 }, "end": { "line": 48, "column": 26 } },
      "48": { "start": { "line": 49, "column": 0 }, "end": { "line": 49, "column": 14 } },
      "49": { "start": { "line": 50, "column": 0 }, "end": { "line": 50, "column": 3 } },
      "50": { "start": { "line": 51, "column": 0 }, "end": { "line": 51, "column": 0 } },
      "51": { "start": { "line": 52, "column": 0 }, "end": { "line": 52, "column": 75 } },
      "52": { "start": { "line": 53, "column": 0 }, "end": { "line": 53, "column": 75 } },
      "53": { "start": { "line": 54, "column": 0 }, "end": { "line": 54, "column": 0 } },
      "54": { "start": { "line": 55, "column": 0 }, "end": { "line": 55, "column": 55 } },
      "55": { "start": { "line": 56, "column": 0 }, "end": { "line": 56, "column": 32 } },
      "56": { "start": { "line": 57, "column": 0 }, "end": { "line": 57, "column": 32 } },
      "57": { "start": { "line": 58, "column": 0 }, "end": { "line": 58, "column": 0 } },
      "58": { "start": { "line": 59, "column": 0 }, "end": { "line": 59, "column": 16 } },
      "59": { "start": { "line": 60, "column": 0 }, "end": { "line": 60, "column": 1 } },
      "60": { "start": { "line": 61, "column": 0 }, "end": { "line": 61, "column": 0 } },
      "61": { "start": { "line": 62, "column": 0 }, "end": { "line": 62, "column": 3 } },
      "62": { "start": { "line": 63, "column": 0 }, "end": { "line": 63, "column": 51 } },
      "63": { "start": { "line": 64, "column": 0 }, "end": { "line": 64, "column": 25 } },
      "64": { "start": { "line": 65, "column": 0 }, "end": { "line": 65, "column": 26 } },
      "65": { "start": { "line": 66, "column": 0 }, "end": { "line": 66, "column": 60 } },
      "66": { "start": { "line": 67, "column": 0 }, "end": { "line": 67, "column": 3 } },
      "67": { "start": { "line": 68, "column": 0 }, "end": { "line": 68, "column": 66 } },
      "68": { "start": { "line": 69, "column": 0 }, "end": { "line": 69, "column": 24 } },
      "69": { "start": { "line": 70, "column": 0 }, "end": { "line": 70, "column": 12 } },
      "70": { "start": { "line": 71, "column": 0 }, "end": { "line": 71, "column": 12 } },
      "71": { "start": { "line": 72, "column": 0 }, "end": { "line": 72, "column": 12 } },
      "72": { "start": { "line": 73, "column": 0 }, "end": { "line": 73, "column": 12 } },
      "73": { "start": { "line": 74, "column": 0 }, "end": { "line": 74, "column": 12 } },
      "74": { "start": { "line": 75, "column": 0 }, "end": { "line": 75, "column": 12 } },
      "75": { "start": { "line": 76, "column": 0 }, "end": { "line": 76, "column": 12 } },
      "76": { "start": { "line": 77, "column": 0 }, "end": { "line": 77, "column": 11 } },
      "77": { "start": { "line": 78, "column": 0 }, "end": { "line": 78, "column": 4 } },
      "78": { "start": { "line": 79, "column": 0 }, "end": { "line": 79, "column": 25 } },
      "79": { "start": { "line": 80, "column": 0 }, "end": { "line": 80, "column": 16 } },
      "80": { "start": { "line": 81, "column": 0 }, "end": { "line": 81, "column": 3 } },
      "81": { "start": { "line": 82, "column": 0 }, "end": { "line": 82, "column": 21 } },
      "82": { "start": { "line": 83, "column": 0 }, "end": { "line": 83, "column": 25 } },
      "83": { "start": { "line": 84, "column": 0 }, "end": { "line": 84, "column": 1 } }
    },
    "s": {
      "0": 1,
      "1": 1,
      "2": 1,
      "3": 1,
      "4": 1,
      "5": 1,
      "6": 1,
      "7": 1,
      "8": 1,
      "9": 1,
      "10": 1,
      "11": 1,
      "12": 1,
      "13": 1,
      "14": 1,
      "15": 1,
      "16": 1,
      "17": 7,
      "18": 7,
      "19": 7,
      "20": 7,
      "21": 7,
      "22": 7,
      "23": 1,
      "24": 1,
      "25": 1,
      "26": 1,
      "27": 1,
      "28": 1,
      "29": 1,
      "30": 1,
      "31": 1,
      "32": 1,
      "33": 1,
      "34": 1,
      "35": 1,
      "36": 1,
      "37": 1,
      "38": 1,
      "39": 5,
      "40": 5,
      "41": 0,
      "42": 0,
      "43": 5,
      "44": 5,
      "45": 5,
      "46": 5,
      "47": 5,
      "48": 3,
      "49": 3,
      "50": 2,
      "51": 2,
      "52": 2,
      "53": 2,
      "54": 2,
      "55": 2,
      "56": 2,
      "57": 2,
      "58": 2,
      "59": 2,
      "60": 1,
      "61": 1,
      "62": 1,
      "63": 1,
      "64": 1,
      "65": 1,
      "66": 1,
      "67": 1,
      "68": 2,
      "69": 2,
      "70": 2,
      "71": 2,
      "72": 2,
      "73": 2,
      "74": 2,
      "75": 2,
      "76": 2,
      "77": 2,
      "78": 2,
      "79": 1,
      "80": 1,
      "81": 1,
      "82": 1,
      "83": 1
    },
    "branchMap": {
      "0": {
        "type": "branch",
        "line": 17,
        "loc": { "start": { "line": 17, "column": 2 }, "end": { "line": 23, "column": 3 } },
        "locations": [{ "start": { "line": 17, "column": 2 }, "end": { "line": 23, "column": 3 } }]
      },
      "1": {
        "type": "branch",
        "line": 21,
        "loc": { "start": { "line": 21, "column": 16 }, "end": { "line": 21, "column": 39 } },
        "locations": [
          { "start": { "line": 21, "column": 16 }, "end": { "line": 21, "column": 39 } }
        ]
      },
      "2": {
        "type": "branch",
        "line": 39,
        "loc": { "start": { "line": 39, "column": 7 }, "end": { "line": 60, "column": 1 } },
        "locations": [{ "start": { "line": 39, "column": 7 }, "end": { "line": 60, "column": 1 } }]
      },
      "3": {
        "type": "branch",
        "line": 41,
        "loc": { "start": { "line": 41, "column": 14 }, "end": { "line": 41, "column": 35 } },
        "locations": [
          { "start": { "line": 41, "column": 14 }, "end": { "line": 41, "column": 35 } }
        ]
      },
      "4": {
        "type": "branch",
        "line": 41,
        "loc": { "start": { "line": 41, "column": 42 }, "end": { "line": 41, "column": 60 } },
        "locations": [
          { "start": { "line": 41, "column": 42 }, "end": { "line": 41, "column": 60 } }
        ]
      },
      "5": {
        "type": "branch",
        "line": 41,
        "loc": { "start": { "line": 41, "column": 60 }, "end": { "line": 43, "column": 3 } },
        "locations": [{ "start": { "line": 41, "column": 60 }, "end": { "line": 43, "column": 3 } }]
      },
      "6": {
        "type": "branch",
        "line": 48,
        "loc": { "start": { "line": 48, "column": 25 }, "end": { "line": 50, "column": 3 } },
        "locations": [{ "start": { "line": 48, "column": 25 }, "end": { "line": 50, "column": 3 } }]
      },
      "7": {
        "type": "branch",
        "line": 50,
        "loc": { "start": { "line": 50, "column": 2 }, "end": { "line": 60, "column": 1 } },
        "locations": [{ "start": { "line": 50, "column": 2 }, "end": { "line": 60, "column": 1 } }]
      },
      "8": {
        "type": "branch",
        "line": 68,
        "loc": { "start": { "line": 68, "column": 7 }, "end": { "line": 84, "column": 1 } },
        "locations": [{ "start": { "line": 68, "column": 7 }, "end": { "line": 84, "column": 1 } }]
      },
      "9": {
        "type": "branch",
        "line": 79,
        "loc": { "start": { "line": 79, "column": 24 }, "end": { "line": 84, "column": 1 } },
        "locations": [{ "start": { "line": 79, "column": 24 }, "end": { "line": 84, "column": 1 } }]
      }
    },
    "b": {
      "0": [7],
      "1": [6],
      "2": [5],
      "3": [0],
      "4": [0],
      "5": [0],
      "6": [3],
      "7": [2],
      "8": [2],
      "9": [1]
    },
    "fnMap": {
      "0": {
        "name": "Line",
        "decl": { "start": { "line": 17, "column": 2 }, "end": { "line": 23, "column": 3 } },
        "loc": { "start": { "line": 17, "column": 2 }, "end": { "line": 23, "column": 3 } },
        "line": 17
      },
      "1": {
        "name": "intersect",
        "decl": { "start": { "line": 39, "column": 7 }, "end": { "line": 60, "column": 1 } },
        "loc": { "start": { "line": 39, "column": 7 }, "end": { "line": 60, "column": 1 } },
        "line": 39
      },
      "2": {
        "name": "intersectLines",
        "decl": { "start": { "line": 68, "column": 7 }, "end": { "line": 84, "column": 1 } },
        "loc": { "start": { "line": 68, "column": 7 }, "end": { "line": 84, "column": 1 } },
        "line": 68
      }
    },
    "f": { "0": 7, "1": 5, "2": 2 }
  },
  "/Users/sas/dev/sg/packages/geometry/src/points.ts": {
    "path": "/Users/sas/dev/sg/packages/geometry/src/points.ts",
    "all": false,
    "statementMap": {
      "0": { "start": { "line": 1, "column": 0 }, "end": { "line": 1, "column": 42 } },
      "1": { "start": { "line": 2, "column": 0 }, "end": { "line": 2, "column": 0 } },
      "2": { "start": { "line": 3, "column": 0 }, "end": { "line": 3, "column": 20 } },
      "3": { "start": { "line": 4, "column": 0 }, "end": { "line": 4, "column": 12 } },
      "4": { "start": { "line": 5, "column": 0 }, "end": { "line": 5, "column": 12 } },
      "5": { "start": { "line": 6, "column": 0 }, "end": { "line": 6, "column": 15 } },
      "6": { "start": { "line": 7, "column": 0 }, "end": { "line": 7, "column": 15 } },
      "7": { "start": { "line": 8, "column": 0 }, "end": { "line": 8, "column": 15 } },
      "8": { "start": { "line": 9, "column": 0 }, "end": { "line": 9, "column": 2 } },
      "9": { "start": { "line": 10, "column": 0 }, "end": { "line": 10, "column": 52 } },
      "10": { "start": { "line": 11, "column": 0 }, "end": { "line": 11, "column": 15 } },
      "11": { "start": { "line": 12, "column": 0 }, "end": { "line": 12, "column": 15 } },
      "12": { "start": { "line": 13, "column": 0 }, "end": { "line": 13, "column": 24 } },
      "13": { "start": { "line": 14, "column": 0 }, "end": { "line": 14, "column": 39 } },
      "14": { "start": { "line": 15, "column": 0 }, "end": { "line": 15, "column": 24 } },
      "15": { "start": { "line": 16, "column": 0 }, "end": { "line": 16, "column": 3 } },
      "16": { "start": { "line": 17, "column": 0 }, "end": { "line": 17, "column": 2 } },
      "17": { "start": { "line": 18, "column": 0 }, "end": { "line": 18, "column": 37 } },
      "18": { "start": { "line": 19, "column": 0 }, "end": { "line": 19, "column": 46 } },
      "19": { "start": { "line": 20, "column": 0 }, "end": { "line": 20, "column": 3 } },
      "20": { "start": { "line": 21, "column": 0 }, "end": { "line": 21, "column": 1 } },
      "21": { "start": { "line": 22, "column": 0 }, "end": { "line": 22, "column": 0 } },
      "22": { "start": { "line": 23, "column": 0 }, "end": { "line": 23, "column": 3 } },
      "23": { "start": { "line": 24, "column": 0 }, "end": { "line": 24, "column": 36 } },
      "24": { "start": { "line": 25, "column": 0 }, "end": { "line": 25, "column": 33 } },
      "25": { "start": { "line": 26, "column": 0 }, "end": { "line": 26, "column": 33 } },
      "26": { "start": { "line": 27, "column": 0 }, "end": { "line": 27, "column": 33 } },
      "27": { "start": { "line": 28, "column": 0 }, "end": { "line": 28, "column": 33 } },
      "28": { "start": { "line": 29, "column": 0 }, "end": { "line": 29, "column": 35 } },
      "29": { "start": { "line": 30, "column": 0 }, "end": { "line": 30, "column": 3 } },
      "30": { "start": { "line": 31, "column": 0 }, "end": { "line": 31, "column": 82 } },
      "31": { "start": { "line": 32, "column": 0 }, "end": { "line": 32, "column": 38 } },
      "32": { "start": { "line": 33, "column": 0 }, "end": { "line": 33, "column": 1 } },
      "33": { "start": { "line": 34, "column": 0 }, "end": { "line": 34, "column": 0 } },
      "34": { "start": { "line": 35, "column": 0 }, "end": { "line": 35, "column": 3 } },
      "35": { "start": { "line": 36, "column": 0 }, "end": { "line": 36, "column": 47 } },
      "36": { "start": { "line": 37, "column": 0 }, "end": { "line": 37, "column": 26 } },
      "37": { "start": { "line": 38, "column": 0 }, "end": { "line": 38, "column": 27 } },
      "38": { "start": { "line": 39, "column": 0 }, "end": { "line": 39, "column": 35 } },
      "39": { "start": { "line": 40, "column": 0 }, "end": { "line": 40, "column": 3 } },
      "40": { "start": { "line": 41, "column": 0 }, "end": { "line": 41, "column": 69 } },
      "41": { "start": { "line": 42, "column": 0 }, "end": { "line": 42, "column": 42 } },
      "42": { "start": { "line": 43, "column": 0 }, "end": { "line": 43, "column": 1 } }
    },
    "s": {
      "0": 1,
      "1": 1,
      "2": 1,
      "3": 1,
      "4": 1,
      "5": 1,
      "6": 1,
      "7": 1,
      "8": 1,
      "9": 1,
      "10": 22,
      "11": 22,
      "12": 22,
      "13": 22,
      "14": 22,
      "15": 22,
      "16": 1,
      "17": 1,
      "18": 1,
      "19": 1,
      "20": 1,
      "21": 1,
      "22": 1,
      "23": 1,
      "24": 1,
      "25": 1,
      "26": 1,
      "27": 1,
      "28": 1,
      "29": 1,
      "30": 1,
      "31": 4,
      "32": 4,
      "33": 1,
      "34": 1,
      "35": 1,
      "36": 1,
      "37": 1,
      "38": 1,
      "39": 1,
      "40": 1,
      "41": 1,
      "42": 1
    },
    "branchMap": {
      "0": {
        "type": "branch",
        "line": 10,
        "loc": { "start": { "line": 10, "column": 2 }, "end": { "line": 16, "column": 3 } },
        "locations": [{ "start": { "line": 10, "column": 2 }, "end": { "line": 16, "column": 3 } }]
      },
      "1": {
        "type": "branch",
        "line": 14,
        "loc": { "start": { "line": 14, "column": 16 }, "end": { "line": 14, "column": 39 } },
        "locations": [
          { "start": { "line": 14, "column": 16 }, "end": { "line": 14, "column": 39 } }
        ]
      },
      "2": {
        "type": "branch",
        "line": 18,
        "loc": { "start": { "line": 18, "column": 2 }, "end": { "line": 20, "column": 3 } },
        "locations": [{ "start": { "line": 18, "column": 2 }, "end": { "line": 20, "column": 3 } }]
      },
      "3": {
        "type": "branch",
        "line": 31,
        "loc": { "start": { "line": 31, "column": 7 }, "end": { "line": 33, "column": 1 } },
        "locations": [{ "start": { "line": 31, "column": 7 }, "end": { "line": 33, "column": 1 } }]
      },
      "4": {
        "type": "branch",
        "line": 41,
        "loc": { "start": { "line": 41, "column": 7 }, "end": { "line": 43, "column": 1 } },
        "locations": [{ "start": { "line": 41, "column": 7 }, "end": { "line": 43, "column": 1 } }]
      }
    },
    "b": { "0": [22], "1": [19], "2": [1], "3": [4], "4": [1] },
    "fnMap": {
      "0": {
        "name": "Point",
        "decl": { "start": { "line": 10, "column": 2 }, "end": { "line": 16, "column": 3 } },
        "loc": { "start": { "line": 10, "column": 2 }, "end": { "line": 16, "column": 3 } },
        "line": 10
      },
      "1": {
        "name": "distanceToPoint",
        "decl": { "start": { "line": 18, "column": 2 }, "end": { "line": 20, "column": 3 } },
        "loc": { "start": { "line": 18, "column": 2 }, "end": { "line": 20, "column": 3 } },
        "line": 18
      },
      "2": {
        "name": "distance",
        "decl": { "start": { "line": 31, "column": 7 }, "end": { "line": 33, "column": 1 } },
        "loc": { "start": { "line": 31, "column": 7 }, "end": { "line": 33, "column": 1 } },
        "line": 31
      },
      "3": {
        "name": "distanceBetweenPoints",
        "decl": { "start": { "line": 41, "column": 7 }, "end": { "line": 43, "column": 1 } },
        "loc": { "start": { "line": 41, "column": 7 }, "end": { "line": 43, "column": 1 } },
        "line": 41
      }
    },
    "f": { "0": 22, "1": 1, "2": 4, "3": 1 }
  }
}
